0 info it worked if it ends with ok
1 verbose cli [ 'C:\\Program Files\\nodejs\\node.exe',
1 verbose cli   'C:\\Program Files\\nodejs\\node_modules\\npm\\bin\\npm-cli.js',
1 verbose cli   'install' ]
2 info using npm@2.15.9
3 info using node@v4.5.0
4 verbose readDependencies loading dependencies from D:\NodeProject\Nodehtml\test\package.json
5 verbose install where, deps [ 'D:\\NodeProject\\Nodehtml\\test',
5 verbose install   [ 'body-parser',
5 verbose install     'cookie-parser',
5 verbose install     'server-favicon',
5 verbose install     'debug',
5 verbose install     'ejs',
5 verbose install     'express',
5 verbose install     'morgan',
5 verbose install     'serve-favicon' ] ]
6 verbose install where, peers [ 'D:\\NodeProject\\Nodehtml\\test', [] ]
7 verbose installManyTop reading for lifecycle D:\NodeProject\Nodehtml\test\package.json
8 info preinstall test@0.0.0
9 verbose installManyTop reading scoped package data from D:\NodeProject\Nodehtml\test\node_modules\body-parser\package.json
10 verbose installManyTop reading scoped package data from D:\NodeProject\Nodehtml\test\node_modules\bson\package.json
11 verbose installManyTop reading scoped package data from D:\NodeProject\Nodehtml\test\node_modules\cookie-parser\package.json
12 verbose installManyTop reading scoped package data from D:\NodeProject\Nodehtml\test\node_modules\debug\package.json
13 verbose installManyTop reading scoped package data from D:\NodeProject\Nodehtml\test\node_modules\ejs\package.json
14 verbose installManyTop reading scoped package data from D:\NodeProject\Nodehtml\test\node_modules\express\package.json
15 verbose installManyTop reading scoped package data from D:\NodeProject\Nodehtml\test\node_modules\express-partials\package.json
16 verbose installManyTop reading scoped package data from D:\NodeProject\Nodehtml\test\node_modules\express-session\package.json
17 verbose installManyTop reading scoped package data from D:\NodeProject\Nodehtml\test\node_modules\mongoose\package.json
18 verbose installManyTop reading scoped package data from D:\NodeProject\Nodehtml\test\node_modules\morgan\package.json
19 verbose installManyTop reading scoped package data from D:\NodeProject\Nodehtml\test\node_modules\multer\package.json
20 verbose installManyTop reading scoped package data from D:\NodeProject\Nodehtml\test\node_modules\serve-favicon\package.json
21 info package.json cookie-parser@1.3.4 No license field.
22 info package.json bson@0.2.21 No license field.
23 info package.json express-partials@0.3.0 No license field.
24 info package.json mongoose@3.8.25 No license field.
25 verbose readDependencies loading dependencies from D:\NodeProject\Nodehtml\test\package.json
26 verbose targetResolver reading package data from D:\NodeProject\Nodehtml\test\node_modules\body-parser\package.json
27 verbose targetResolver reading package data from D:\NodeProject\Nodehtml\test\node_modules\bson\package.json
28 verbose targetResolver reading package data from D:\NodeProject\Nodehtml\test\node_modules\cookie-parser\package.json
29 verbose targetResolver reading package data from D:\NodeProject\Nodehtml\test\node_modules\debug\package.json
30 verbose targetResolver reading package data from D:\NodeProject\Nodehtml\test\node_modules\ejs\package.json
31 verbose targetResolver reading package data from D:\NodeProject\Nodehtml\test\node_modules\express\package.json
32 verbose targetResolver reading package data from D:\NodeProject\Nodehtml\test\node_modules\express-partials\package.json
33 verbose targetResolver reading package data from D:\NodeProject\Nodehtml\test\node_modules\express-session\package.json
34 verbose targetResolver reading package data from D:\NodeProject\Nodehtml\test\node_modules\mongoose\package.json
35 verbose targetResolver reading package data from D:\NodeProject\Nodehtml\test\node_modules\morgan\package.json
36 verbose targetResolver reading package data from D:\NodeProject\Nodehtml\test\node_modules\multer\package.json
37 verbose targetResolver reading package data from D:\NodeProject\Nodehtml\test\node_modules\serve-favicon\package.json
38 verbose already installed skipping cookie-parser@~1.3.4 D:\NodeProject\Nodehtml\test
39 silly cache add args [ 'server-favicon@~1.0.0', null ]
40 verbose cache add spec server-favicon@~1.0.0
41 silly cache add parsed spec Result {
41 silly cache add   raw: 'server-favicon@~1.0.0',
41 silly cache add   scope: null,
41 silly cache add   name: 'server-favicon',
41 silly cache add   rawSpec: '~1.0.0',
41 silly cache add   spec: '>=1.0.0 <1.1.0',
41 silly cache add   type: 'range' }
42 silly addNamed server-favicon@>=1.0.0 <1.1.0
43 verbose addNamed ">=1.0.0 <1.1.0" is a valid semver range for server-favicon
44 silly addNameRange { name: 'server-favicon',
44 silly addNameRange   range: '>=1.0.0 <1.1.0',
44 silly addNameRange   hasData: false }
45 silly mapToRegistry name server-favicon
46 silly mapToRegistry using default registry
47 silly mapToRegistry registry https://registry.npmjs.org/
48 silly mapToRegistry data Result {
48 silly mapToRegistry   raw: 'server-favicon',
48 silly mapToRegistry   scope: null,
48 silly mapToRegistry   name: 'server-favicon',
48 silly mapToRegistry   rawSpec: '',
48 silly mapToRegistry   spec: 'latest',
48 silly mapToRegistry   type: 'tag' }
49 silly mapToRegistry uri https://registry.npmjs.org/server-favicon
50 verbose addNameRange registry:https://registry.npmjs.org/server-favicon not in flight; fetching
51 verbose already installed skipping debug@~2.1.1 D:\NodeProject\Nodehtml\test
52 verbose already installed skipping ejs@~2.3.1 D:\NodeProject\Nodehtml\test
53 verbose already installed skipping express@~4.12.2 D:\NodeProject\Nodehtml\test
54 verbose already installed skipping morgan@~1.5.1 D:\NodeProject\Nodehtml\test
55 verbose already installed skipping serve-favicon@~2.2.0 D:\NodeProject\Nodehtml\test
56 verbose already installed skipping body-parser@~1.12.0 D:\NodeProject\Nodehtml\test
57 verbose request uri https://registry.npmjs.org/server-favicon
58 verbose request no auth needed
59 info attempt registry request try #1 at 17:53:17
60 verbose request id 64441c07fea36305
61 http request GET https://registry.npmjs.org/server-favicon
62 http 404 https://registry.npmjs.org/server-favicon
63 verbose headers { 'content-type': 'application/json',
63 verbose headers   'cache-control': 'max-age=0',
63 verbose headers   'content-length': '2',
63 verbose headers   'accept-ranges': 'bytes',
63 verbose headers   date: 'Thu, 15 Sep 2016 09:57:53 GMT',
63 verbose headers   via: '1.1 varnish',
63 verbose headers   connection: 'keep-alive',
63 verbose headers   'x-served-by': 'cache-itm7426-ITM',
63 verbose headers   'x-cache': 'MISS',
63 verbose headers   'x-cache-hits': '0',
63 verbose headers   'x-timer': 'S1473933473.195079,VS0,VE796',
63 verbose headers   vary: 'Accept-Encoding' }
64 silly get cb [ 404,
64 silly get   { 'content-type': 'application/json',
64 silly get     'cache-control': 'max-age=0',
64 silly get     'content-length': '2',
64 silly get     'accept-ranges': 'bytes',
64 silly get     date: 'Thu, 15 Sep 2016 09:57:53 GMT',
64 silly get     via: '1.1 varnish',
64 silly get     connection: 'keep-alive',
64 silly get     'x-served-by': 'cache-itm7426-ITM',
64 silly get     'x-cache': 'MISS',
64 silly get     'x-cache-hits': '0',
64 silly get     'x-timer': 'S1473933473.195079,VS0,VE796',
64 silly get     vary: 'Accept-Encoding' } ]
65 verbose stack Error: Registry returned 404 for GET on https://registry.npmjs.org/server-favicon
65 verbose stack     at makeError (C:\Program Files\nodejs\node_modules\npm\node_modules\npm-registry-client\lib\request.js:264:12)
65 verbose stack     at CachingRegistryClient.<anonymous> (C:\Program Files\nodejs\node_modules\npm\node_modules\npm-registry-client\lib\request.js:242:14)
65 verbose stack     at Request._callback (C:\Program Files\nodejs\node_modules\npm\node_modules\npm-registry-client\lib\request.js:172:14)
65 verbose stack     at Request.self.callback (C:\Program Files\nodejs\node_modules\npm\node_modules\request\request.js:200:22)
65 verbose stack     at emitTwo (events.js:87:13)
65 verbose stack     at Request.emit (events.js:172:7)
65 verbose stack     at Request.<anonymous> (C:\Program Files\nodejs\node_modules\npm\node_modules\request\request.js:1067:10)
65 verbose stack     at emitOne (events.js:82:20)
65 verbose stack     at Request.emit (events.js:169:7)
65 verbose stack     at IncomingMessage.<anonymous> (C:\Program Files\nodejs\node_modules\npm\node_modules\request\request.js:988:12)
66 verbose statusCode 404
67 verbose pkgid server-favicon
68 verbose cwd D:\NodeProject\Nodehtml\test
69 error Windows_NT 6.3.9600
70 error argv "C:\\Program Files\\nodejs\\node.exe" "C:\\Program Files\\nodejs\\node_modules\\npm\\bin\\npm-cli.js" "install"
71 error node v4.5.0
72 error npm  v2.15.9
73 error code E404
74 error 404 Registry returned 404 for GET on https://registry.npmjs.org/server-favicon
74 error 404
74 error 404 'server-favicon' is not in the npm registry.
74 error 404 You should bug the author to publish it (or use the name yourself!)
74 error 404 It was specified as a dependency of 'test'
74 error 404
74 error 404 Note that you can also install from a
74 error 404 tarball, folder, http url, or git url.
75 verbose exit [ 1, true ]
